Base path: /home/ted/Unity/Hub/Editor/2017.4.20f2/Editor/Data
Cmd: initializeCompiler
Cmd: compileComputeKernel
  api=15 insize=1386 outsize=3529 ok=1
Cmd: compileComputeKernel
  api=18 insize=1386 outsize=12757 ok=1
Cmd: compileComputeKernel
  api=15 insize=3182 outsize=6785 ok=1
Cmd: compileComputeKernel
  api=15 insize=3182 outsize=3741 ok=1
Cmd: compileComputeKernel
  api=18 insize=3182 outsize=14897 ok=1
Cmd: compileComputeKernel
  api=18 insize=3182 outsize=8653 ok=1
Cmd: compileComputeKernel
  api=15 insize=1484 outsize=5517 ok=1
Cmd: compileComputeKernel
  api=18 insize=1484 outsize=12525 ok=1
Cmd: compileComputeKernel
  api=15 insize=2285 outsize=5069 ok=1
Cmd: compileComputeKernel
  api=18 insize=2285 outsize=11893 ok=1
Unhandled exception: Protocol error - failed to read correct magic number

Quitting shader compiler process
